<?xml version="1.0" encoding="UTF-8"?>
<testsuite xmlns:xsi="http://www.w3.org/2001/XMLSchema-instance" xsi:noNamespaceSchemaLocation="https://maven.apache.org/surefire/maven-surefire-plugin/xsd/surefire-test-report-3.0.xsd" version="3.0" name="test.PlayerTest" time="3.949" tests="4" errors="0" skipped="0" failures="0">
  <properties>
    <property name="java.specification.version" value="23"/>
    <property name="sun.cpu.isalist" value="amd64"/>
    <property name="sun.jnu.encoding" value="Cp1252"/>
    <property name="sun.awt.enableExtraMouseButtons" value="true"/>
    <property name="java.class.path" value="C:\Users\rayen\eclipse-workspace\ACL_Game\target\test-classes;C:\Users\rayen\eclipse-workspace\ACL_Game\target\classes;C:\Users\rayen\.m2\repository\org\junit\jupiter\junit-jupiter-api\5.8.2\junit-jupiter-api-5.8.2.jar;C:\Users\rayen\.m2\repository\org\opentest4j\opentest4j\1.2.0\opentest4j-1.2.0.jar;C:\Users\rayen\.m2\repository\org\junit\platform\junit-platform-commons\1.8.2\junit-platform-commons-1.8.2.jar;C:\Users\rayen\.m2\repository\org\apiguardian\apiguardian-api\1.1.2\apiguardian-api-1.1.2.jar;C:\Users\rayen\.m2\repository\org\junit\jupiter\junit-jupiter-engine\5.8.2\junit-jupiter-engine-5.8.2.jar;C:\Users\rayen\.m2\repository\org\junit\platform\junit-platform-engine\1.8.2\junit-platform-engine-1.8.2.jar;C:\Users\rayen\.m2\repository\org\mockito\mockito-core\4.0.0\mockito-core-4.0.0.jar;C:\Users\rayen\.m2\repository\net\bytebuddy\byte-buddy\1.11.19\byte-buddy-1.11.19.jar;C:\Users\rayen\.m2\repository\net\bytebuddy\byte-buddy-agent\1.11.19\byte-buddy-agent-1.11.19.jar;C:\Users\rayen\.m2\repository\org\objenesis\objenesis\3.2\objenesis-3.2.jar;"/>
    <property name="java.vm.vendor" value="Oracle Corporation"/>
    <property name="sun.arch.data.model" value="64"/>
    <property name="user.variant" value=""/>
    <property name="java.vendor.url" value="https://java.oracle.com/"/>
    <property name="user.timezone" value="Europe/Paris"/>
    <property name="os.name" value="Windows 10"/>
    <property name="java.vm.specification.version" value="23"/>
    <property name="sun.java.launcher" value="SUN_STANDARD"/>
    <property name="user.country" value="GB"/>
    <property name="sun.boot.library.path" value="C:\Program Files\Java\jdk-23\bin"/>
    <property name="sun.java.command" value="C:\Users\rayen\AppData\Local\Temp\surefire14324780084217628863\surefirebooter-20241217083257998_3.jar C:\Users\rayen\AppData\Local\Temp\surefire14324780084217628863 2024-12-17T08-32-57_673-jvmRun1 surefire-20241217083257998_1tmp surefire_0-20241217083257998_2tmp"/>
    <property name="jdk.debug" value="release"/>
    <property name="surefire.test.class.path" value="C:\Users\rayen\eclipse-workspace\ACL_Game\target\test-classes;C:\Users\rayen\eclipse-workspace\ACL_Game\target\classes;C:\Users\rayen\.m2\repository\org\junit\jupiter\junit-jupiter-api\5.8.2\junit-jupiter-api-5.8.2.jar;C:\Users\rayen\.m2\repository\org\opentest4j\opentest4j\1.2.0\opentest4j-1.2.0.jar;C:\Users\rayen\.m2\repository\org\junit\platform\junit-platform-commons\1.8.2\junit-platform-commons-1.8.2.jar;C:\Users\rayen\.m2\repository\org\apiguardian\apiguardian-api\1.1.2\apiguardian-api-1.1.2.jar;C:\Users\rayen\.m2\repository\org\junit\jupiter\junit-jupiter-engine\5.8.2\junit-jupiter-engine-5.8.2.jar;C:\Users\rayen\.m2\repository\org\junit\platform\junit-platform-engine\1.8.2\junit-platform-engine-1.8.2.jar;C:\Users\rayen\.m2\repository\org\mockito\mockito-core\4.0.0\mockito-core-4.0.0.jar;C:\Users\rayen\.m2\repository\net\bytebuddy\byte-buddy\1.11.19\byte-buddy-1.11.19.jar;C:\Users\rayen\.m2\repository\net\bytebuddy\byte-buddy-agent\1.11.19\byte-buddy-agent-1.11.19.jar;C:\Users\rayen\.m2\repository\org\objenesis\objenesis\3.2\objenesis-3.2.jar;"/>
    <property name="sun.cpu.endian" value="little"/>
    <property name="user.home" value="C:\Users\rayen"/>
    <property name="user.language" value="en"/>
    <property name="java.specification.vendor" value="Oracle Corporation"/>
    <property name="java.version.date" value="2024-10-15"/>
    <property name="java.home" value="C:\Program Files\Java\jdk-23"/>
    <property name="file.separator" value="\"/>
    <property name="basedir" value="C:\Users\rayen\eclipse-workspace\ACL_Game"/>
    <property name="java.vm.compressedOopsMode" value="Zero based"/>
    <property name="line.separator" value="&#10;"/>
    <property name="java.vm.specification.vendor" value="Oracle Corporation"/>
    <property name="java.specification.name" value="Java Platform API Specification"/>
    <property name="surefire.real.class.path" value="C:\Users\rayen\AppData\Local\Temp\surefire14324780084217628863\surefirebooter-20241217083257998_3.jar"/>
    <property name="user.script" value=""/>
    <property name="sun.management.compiler" value="HotSpot 64-Bit Tiered Compilers"/>
    <property name="java.runtime.version" value="23.0.1+11-39"/>
    <property name="user.name" value="rayen"/>
    <property name="stdout.encoding" value="Cp1252"/>
    <property name="path.separator" value=";"/>
    <property name="os.version" value="10.0"/>
    <property name="java.runtime.name" value="Java(TM) SE Runtime Environment"/>
    <property name="file.encoding" value="UTF-8"/>
    <property name="java.vm.name" value="Java HotSpot(TM) 64-Bit Server VM"/>
    <property name="localRepository" value="C:\Users\rayen\.m2\repository"/>
    <property name="java.vendor.url.bug" value="https://bugreport.java.com/bugreport/"/>
    <property name="java.io.tmpdir" value="C:\Users\rayen\AppData\Local\Temp\"/>
    <property name="java.version" value="23.0.1"/>
    <property name="user.dir" value="C:\Users\rayen\eclipse-workspace\ACL_Game"/>
    <property name="os.arch" value="amd64"/>
    <property name="java.vm.specification.name" value="Java Virtual Machine Specification"/>
    <property name="sun.os.patch.level" value=""/>
    <property name="native.encoding" value="Cp1252"/>
    <property name="java.library.path" value="C:\Program Files\Java\jdk-23\bin;C:\WINDOWS\Sun\Java\bin;C:\WINDOWS\system32;C:\WINDOWS;C:\Program Files\Common Files\Oracle\Java\javapath;C:\TwinCAT\Common64;C:\TwinCAT\Common32;C:\Python312\Scripts\;C:\Python312\;C:\Program Files (x86)\Rockwell Software\RSCommon;C:\Python311\Scripts\;C:\Python311\;C:\oraclexe\app\oracle\product\11.2.0\server\bin;C:\Program Files (x86)\NVIDIA Corporation\PhysX\Common;C:\WINDOWS\system32;C:\WINDOWS;C:\WINDOWS\System32\Wbem;C:\WINDOWS\System32\WindowsPowerShell\v1.0\;C:\WINDOWS\System32\OpenSSH\;C:\Program Files\dotnet\;C:\Program Files\NVIDIA Corporation\NVIDIA NvDLISR;C:\Program Files (x86)\Windows Kits\8.1\Windows Performance Toolkit\;E:\MLAB\runtime\win64;E:\MLAB\bin;C:\ProgramData\chocolatey\bin;C:\sqlite 3;C:\Program Files\Git\cmd;C:\Program Files (x86)\IVI Foundation\VISA\WinNT\Bin\;C:\Program Files\IVI Foundation\VISA\Win64\Bin\;C:\Program Files (x86)\IVI Foundation\VISA\WinNT\Bin;C:\Program Files (x86)\Microsoft SQL Server\80\Tools\Binn\;C:\Program Files (x86)\Microsoft SQL Server\110\Tools\Binn\;C:\Program Files (x86)\Microsoft SQL Server\110\DTS\Binn\;C:\Program Files\Microsoft SQL Server\150\Tools\Binn\;C:\Program Files\Microsoft SQL Server\Client SDK\ODBC\170\Tools\Binn\;C:\Program Files\nodejs\;C:\Program Files (x86)\Microsoft SQL Server\160\Tools\Binn\;C:\Program Files\Microsoft SQL Server\160\Tools\Binn\;C:\Program Files\Microsoft SQL Server\160\DTS\Binn\;C:\Users\rayen\maven\apache-maven-3.8.8\bin;C:\Program Files\Java\jdk-23\bin;C:\Program Files\MySQL\MySQL Shell 8.0\bin\;C:\Users\rayen\AppData\Local\Microsoft\WindowsApps;C:\Users\rayen\AppData\Local\Programs\Microsoft VS Code\bin;C:\msys64\mingw64\bin;C:\Program Files\JetBrains\PyCharm 2023.3\bin;;C:\Users\rayen\.dotnet\tools;C:\Users\rayen\AppData\Roaming\npm;."/>
    <property name="java.vm.info" value="mixed mode, sharing"/>
    <property name="stderr.encoding" value="Cp1252"/>
    <property name="java.vendor" value="Oracle Corporation"/>
    <property name="java.vm.version" value="23.0.1+11-39"/>
    <property name="sun.io.unicode.encoding" value="UnicodeLittle"/>
    <property name="java.class.version" value="67.0"/>
  </properties>
  <testcase name="testFireballCreation" classname="test.PlayerTest" time="0.523"/>
  <testcase name="testInitialKeysCollected" classname="test.PlayerTest" time="0.632"/>
  <testcase name="testInitialLife" classname="test.PlayerTest" time="2.262"/>
  <testcase name="testMovement" classname="test.PlayerTest" time="0.528"/>
</testsuite>